[2023-07-30 15:29:30.435] INFO [${sys:APPLICATION_INSTANCE_ID},APP:UrlShortenerService TID: SID:] [L:com.nikhil.intuit.CraftDemo.CraftDemoApplication F: T:restartedMain] Starting CraftDemoApplication using Java 17.0.6 with PID 339468 (/home/nikhilsrivastava/Downloads/CraftDemo/target/classes started by nikhilsrivastava in /home/nikhilsrivastava/Downloads/CraftDemo)
[2023-07-30 15:29:30.444] INFO [${sys:APPLICATION_INSTANCE_ID},APP:UrlShortenerService TID: SID:] [L:com.nikhil.intuit.CraftDemo.CraftDemoApplication F: T:restartedMain] No active profile set, falling back to 1 default profile: "default"
[2023-07-30 15:29:30.493] INFO [${sys:APPLICATION_INSTANCE_ID},APP:UrlShortenerService TID: SID:] [L:org.springframework.boot.devtools.env.DevToolsPropertyDefaultsPostProcessor F: T:restartedMain] Devtools property defaults active! Set 'spring.devtools.add-properties' to 'false' to disable
[2023-07-30 15:29:30.494] INFO [${sys:APPLICATION_INSTANCE_ID},APP:UrlShortenerService TID: SID:] [L:org.springframework.boot.devtools.env.DevToolsPropertyDefaultsPostProcessor F: T:restartedMain] For additional web related logging consider setting the 'logging.level.web' property to 'DEBUG'
[2023-07-30 15:29:31.090] INFO [${sys:APPLICATION_INSTANCE_ID},APP:UrlShortenerService TID: SID:] [L:org.springframework.data.repository.config.RepositoryConfigurationDelegate F: T:restartedMain] Bootstrapping Spring Data JPA repositories in DEFAULT mode.
[2023-07-30 15:29:31.109] INFO [${sys:APPLICATION_INSTANCE_ID},APP:UrlShortenerService TID: SID:] [L:org.springframework.data.repository.config.RepositoryConfigurationDelegate F: T:restartedMain] Finished Spring Data repository scanning in 11 ms. Found 0 JPA repository interfaces.
[2023-07-30 15:29:31.758] INFO [${sys:APPLICATION_INSTANCE_ID},APP:UrlShortenerService TID: SID:] [L:org.springframework.boot.web.embedded.tomcat.TomcatWebServer F: T:restartedMain] Tomcat initialized with port(s): 8080 (http)
[2023-07-30 15:29:31.768] INFO [${sys:APPLICATION_INSTANCE_ID},APP:UrlShortenerService TID: SID:] [L:org.apache.coyote.http11.Http11NioProtocol F: T:restartedMain] Initializing ProtocolHandler ["http-nio-8080"]
[2023-07-30 15:29:31.771] INFO [${sys:APPLICATION_INSTANCE_ID},APP:UrlShortenerService TID: SID:] [L:org.apache.catalina.core.StandardService F: T:restartedMain] Starting service [Tomcat]
[2023-07-30 15:29:31.771] INFO [${sys:APPLICATION_INSTANCE_ID},APP:UrlShortenerService TID: SID:] [L:org.apache.catalina.core.StandardEngine F: T:restartedMain] Starting Servlet engine: [Apache Tomcat/10.1.11]
[2023-07-30 15:29:31.832] INFO [${sys:APPLICATION_INSTANCE_ID},APP:UrlShortenerService TID: SID:] [L:org.apache.catalina.core.ContainerBase.[Tomcat].[localhost].[/] F: T:restartedMain] Initializing Spring embedded WebApplicationContext
[2023-07-30 15:29:31.834] INFO [${sys:APPLICATION_INSTANCE_ID},APP:UrlShortenerService TID: SID:] [L:org.springframework.boot.web.servlet.context.ServletWebServerApplicationContext F: T:restartedMain] Root WebApplicationContext: initialization completed in 1337 ms
[2023-07-30 15:29:31.978] INFO [${sys:APPLICATION_INSTANCE_ID},APP:UrlShortenerService TID: SID:] [L:org.hibernate.jpa.internal.util.LogHelper F: T:restartedMain] HHH000204: Processing PersistenceUnitInfo [name: default]
[2023-07-30 15:29:32.045] INFO [${sys:APPLICATION_INSTANCE_ID},APP:UrlShortenerService TID: SID:] [L:org.hibernate.Version F: T:restartedMain] HHH000412: Hibernate ORM core version 6.2.6.Final
[2023-07-30 15:29:32.047] INFO [${sys:APPLICATION_INSTANCE_ID},APP:UrlShortenerService TID: SID:] [L:org.hibernate.cfg.Environment F: T:restartedMain] HHH000406: Using bytecode reflection optimizer
[2023-07-30 15:29:32.174] INFO [${sys:APPLICATION_INSTANCE_ID},APP:UrlShortenerService TID: SID:] [L:org.hibernate.bytecode.internal.BytecodeProviderInitiator F: T:restartedMain] HHH000021: Bytecode provider name : bytebuddy
[2023-07-30 15:29:32.283] INFO [${sys:APPLICATION_INSTANCE_ID},APP:UrlShortenerService TID: SID:] [L:org.springframework.orm.jpa.persistenceunit.SpringPersistenceUnitInfo F: T:restartedMain] No LoadTimeWeaver setup: ignoring JPA class transformer
[2023-07-30 15:29:32.395] WARN [${sys:APPLICATION_INSTANCE_ID},APP:UrlShortenerService TID: SID:] [L:org.hibernate.orm.deprecation F: T:restartedMain] HHH90000026: PostgreSQL10Dialect has been deprecated; use org.hibernate.dialect.PostgreSQLDialect instead
[2023-07-30 15:29:32.471] INFO [${sys:APPLICATION_INSTANCE_ID},APP:UrlShortenerService TID: SID:] [L:org.hibernate.bytecode.internal.BytecodeProviderInitiator F: T:restartedMain] HHH000021: Bytecode provider name : bytebuddy
[2023-07-30 15:29:32.643] INFO [${sys:APPLICATION_INSTANCE_ID},APP:UrlShortenerService TID: SID:] [L:org.hibernate.engine.transaction.jta.platform.internal.JtaPlatformInitiator F: T:restartedMain] HHH000490: Using JtaPlatform implementation: [org.hibernate.engine.transaction.jta.platform.internal.NoJtaPlatform]
[2023-07-30 15:29:32.648] INFO [${sys:APPLICATION_INSTANCE_ID},APP:UrlShortenerService TID: SID:] [L:org.springframework.orm.jpa.LocalContainerEntityManagerFactoryBean F: T:restartedMain] Initialized JPA EntityManagerFactory for persistence unit 'default'
[2023-07-30 15:29:32.746] INFO [${sys:APPLICATION_INSTANCE_ID},APP:UrlShortenerService TID: SID:] [L:com.nikhil.intuit.CraftDemo.service.URLShortenerService F: T:restartedMain] Added
[2023-07-30 15:29:32.746] INFO [${sys:APPLICATION_INSTANCE_ID},APP:UrlShortenerService TID: SID:] [L:com.nikhil.intuit.CraftDemo.service.URLShortenerService F: T:restartedMain] Adddeedddd
[2023-07-30 15:29:32.820] WARN [${sys:APPLICATION_INSTANCE_ID},APP:UrlShortenerService TID: SID:] [L:org.springframework.boot.autoconfigure.orm.jpa.JpaBaseConfiguration$JpaWebConfiguration F: T:restartedMain] spring.jpa.open-in-view is enabled by default. Therefore, database queries may be performed during view rendering. Explicitly configure spring.jpa.open-in-view to disable this warning
[2023-07-30 15:29:33.898] INFO [${sys:APPLICATION_INSTANCE_ID},APP:UrlShortenerService TID: SID:] [L:org.springframework.boot.devtools.autoconfigure.OptionalLiveReloadServer F: T:restartedMain] LiveReload server is running on port 35729
[2023-07-30 15:29:33.912] INFO [${sys:APPLICATION_INSTANCE_ID},APP:UrlShortenerService TID: SID:] [L:org.apache.coyote.http11.Http11NioProtocol F: T:restartedMain] Starting ProtocolHandler ["http-nio-8080"]
[2023-07-30 15:29:33.922] INFO [${sys:APPLICATION_INSTANCE_ID},APP:UrlShortenerService TID: SID:] [L:org.springframework.boot.web.embedded.tomcat.TomcatWebServer F: T:restartedMain] Tomcat started on port(s): 8080 (http) with context path ''
[2023-07-30 15:29:33.932] INFO [${sys:APPLICATION_INSTANCE_ID},APP:UrlShortenerService TID: SID:] [L:com.nikhil.intuit.CraftDemo.CraftDemoApplication F: T:restartedMain] Started CraftDemoApplication in 3.81 seconds (process running for 4.604)
[2023-07-30 15:29:33.935] INFO [${sys:APPLICATION_INSTANCE_ID},APP:UrlShortenerService TID: SID:] [L:com.nikhil.intuit.CraftDemo.CraftDemoApplication F: T:restartedMain] Service up and running
[2023-07-30 15:30:51.362] INFO [${sys:APPLICATION_INSTANCE_ID},APP:UrlShortenerService TID: SID:] [L:org.springframework.orm.jpa.LocalContainerEntityManagerFactoryBean F: T:SpringApplicationShutdownHook] Closing JPA EntityManagerFactory for persistence unit 'default'
